Determining if the pthread_create exist failed with the following output:
Change Dir: /home/chui/Desktop/rendering/build/CMakeFiles/CMakeTmp

Run Build Command:"/usr/bin/make" "cmTC_a98f0/fast"
/usr/bin/make -f CMakeFiles/cmTC_a98f0.dir/build.make CMakeFiles/cmTC_a98f0.dir/build
make[1]: Entering directory '/home/chui/Desktop/rendering/build/CMakeFiles/CMakeTmp'
Building C object CMakeFiles/cmTC_a98f0.dir/CheckSymbolExists.c.o
/usr/bin/cc     -o CMakeFiles/cmTC_a98f0.dir/CheckSymbolExists.c.o   -c /home/chui/Desktop/rendering/build/CMakeFiles/CMakeTmp/CheckSymbolExists.c
Linking C executable cmTC_a98f0
/usr/bin/cmake -E cmake_link_script CMakeFiles/cmTC_a98f0.dir/link.txt --verbose=1
/usr/bin/cc       CMakeFiles/cmTC_a98f0.dir/CheckSymbolExists.c.o  -o cmTC_a98f0 -rdynamic 
CMakeFiles/cmTC_a98f0.dir/CheckSymbolExists.c.o: In function `main':
CheckSymbolExists.c:(.text+0x16): undefined reference to `pthread_create'
collect2: error: ld returned 1 exit status
CMakeFiles/cmTC_a98f0.dir/build.make:97: recipe for target 'cmTC_a98f0' failed
make[1]: *** [cmTC_a98f0] Error 1
make[1]: Leaving directory '/home/chui/Desktop/rendering/build/CMakeFiles/CMakeTmp'
Makefile:126: recipe for target 'cmTC_a98f0/fast' failed
make: *** [cmTC_a98f0/fast] Error 2

File /home/chui/Desktop/rendering/build/CMakeFiles/CMakeTmp/CheckSymbolExists.c:
/* */
#include <pthread.h>

int main(int argc, char** argv)
{
  (void)argv;
#ifndef pthread_create
  return ((int*)(&pthread_create))[argc];
#else
  (void)argc;
  return 0;
#endif
}

Determining if the function pthread_create exists in the pthreads failed with the following output:
Change Dir: /home/chui/Desktop/rendering/build/CMakeFiles/CMakeTmp

Run Build Command:"/usr/bin/make" "cmTC_42fcb/fast"
/usr/bin/make -f CMakeFiles/cmTC_42fcb.dir/build.make CMakeFiles/cmTC_42fcb.dir/build
make[1]: Entering directory '/home/chui/Desktop/rendering/build/CMakeFiles/CMakeTmp'
Building C object CMakeFiles/cmTC_42fcb.dir/CheckFunctionExists.c.o
/usr/bin/cc    -DCHECK_FUNCTION_EXISTS=pthread_create   -o CMakeFiles/cmTC_42fcb.dir/CheckFunctionExists.c.o   -c /usr/share/cmake-3.5/Modules/CheckFunctionExists.c
Linking C executable cmTC_42fcb
/usr/bin/cmake -E cmake_link_script CMakeFiles/cmTC_42fcb.dir/link.txt --verbose=1
/usr/bin/cc   -DCHECK_FUNCTION_EXISTS=pthread_create    CMakeFiles/cmTC_42fcb.dir/CheckFunctionExists.c.o  -o cmTC_42fcb -rdynamic -lpthreads 
/usr/bin/ld: cannot find -lpthreads
collect2: error: ld returned 1 exit status
CMakeFiles/cmTC_42fcb.dir/build.make:97: recipe for target 'cmTC_42fcb' failed
make[1]: *** [cmTC_42fcb] Error 1
make[1]: Leaving directory '/home/chui/Desktop/rendering/build/CMakeFiles/CMakeTmp'
Makefile:126: recipe for target 'cmTC_42fcb/fast' failed
make: *** [cmTC_42fcb/fast] Error 2


